生成启动时间为 2019/4/26 12:05:37。
     1>项目“E:\work\projects\CDeque\CDeque\CDeque\CDeque.vcxproj”在节点 2 上(Build 个目标)。
     1>ClCompile:
         D:\Microsoft Visual Studio 12.0\VC\bin\CL.exe /c /ZI /nologo /W3 /WX- /sdl /Od /Oy- /D WIN32 /D _DEBUG /D _CONSOLE /D _LIB /D _UNICODE /D UNICODE /Gm /EHsc /RTC1 /MDd /GS /fp:precise /Zc:wchar_t /Zc:forScope /Fo"Debug\\" /Fd"Debug\vc120.pdb" /Gd /TP /analyze- /errorReport:prompt Deque.cpp main.cpp
         main.cpp
     1>e:\work\projects\cdeque\cdeque\cdeque\main.cpp(12): warning C4101: “de”: 未引用的局部变量
     1>e:\work\projects\cdeque\cdeque\cdeque\deque.h(172): warning C4101: “cur”: 未引用的局部变量
                 e:\work\projects\cdeque\cdeque\cdeque\deque.h(170): 编译类 模板 成员函数“void CDeque<int,int,8>::fill_initialize(CDeque<int,int,8>::size_type,const int &)”时
                 e:\work\projects\cdeque\cdeque\cdeque\deque.h(164): 参见对正在编译的函数 模板 实例化“void CDeque<int,int,8>::fill_initialize(CDeque<int,int,8>::size_type,const int &)”的引用
                 e:\work\projects\cdeque\cdeque\cdeque\main.cpp(13): 参见对正在编译的类 模板 实例化“CDeque<int,int,8>”的引用
     1>e:\work\projects\cdeque\cdeque\cdeque\deque.h(185): error C2059: 语法错误:“/”
                 e:\work\projects\cdeque\cdeque\cdeque\deque.h(183): 编译类 模板 成员函数“void CDeque<int,int,8>::create_map_and_nodes(CDeque<int,int,8>::size_type)”时
                 e:\work\projects\cdeque\cdeque\cdeque\deque.h(171): 参见对正在编译的函数 模板 实例化“void CDeque<int,int,8>::create_map_and_nodes(CDeque<int,int,8>::size_type)”的引用
     1>e:\work\projects\cdeque\cdeque\cdeque\deque.h(185): error C2955: “__deque_iterator”: 使用 类 模板 需要 模板 参数列表
                 e:\work\projects\cdeque\cdeque\cdeque\deque.h(23) : 参见“__deque_iterator”的声明
     1>e:\work\projects\cdeque\cdeque\cdeque\deque.h(213): error C2955: “__deque_iterator”: 使用 类 模板 需要 模板 参数列表
                 e:\work\projects\cdeque\cdeque\cdeque\deque.h(23) : 参见“__deque_iterator”的声明
         正在生成代码...
         正在编译...
         Deque.cpp
         正在生成代码...
     1>已完成生成项目“E:\work\projects\CDeque\CDeque\CDeque\CDeque.vcxproj”(Build 个目标)的操作 - 失败。

生成失败。

已用时间 00:00:00.35
